<?xml version="1.0" encoding="UTF-8"?>
<!-- Generated by org.testng.reporters.JUnitReportReporter -->
<testsuite skipped="0" hostname="DESKTOP-FSJF2OQ" name="amazonTest.AmazonHome" tests="1" failures="0" timestamp="2021-02-21T19:51:51 GMT+08:00" time="2.032" errors="0">
  <testcase name="verifyAmazonLaunch" time="2.032" classname="amazonTest.AmazonHome"/>
  <system-out/>
</testsuite> <!-- amazonTest.AmazonHome -->
